mode: set
github.com/jokerl/go_study/algo/searchLengthSonString.go:5.42,10.23 5 1
github.com/jokerl/go_study/algo/searchLengthSonString.go:20.2,21.12 2 1
github.com/jokerl/go_study/algo/searchLengthSonString.go:10.23,11.52 1 1
github.com/jokerl/go_study/algo/searchLengthSonString.go:18.3,18.25 1 1
github.com/jokerl/go_study/algo/searchLengthSonString.go:11.52,13.4 1 1
github.com/jokerl/go_study/algo/searchLengthSonString.go:13.9,14.25 1 1
github.com/jokerl/go_study/algo/searchLengthSonString.go:14.25,16.5 1 1
